<?xml version="1.0" encoding="UTF-8"?>
<!-- Generated by org.testng.reporters.JUnitXMLReporter -->
<testsuite hostname="sony-VAIO" name="Default test" tests="2" failures="0" timestamp="14 Sep 2017 11:20:07 GMT" time="0.07" errors="0">
  <testcase name="@BeforeSuite screenshot1" time="0.0" classname="Scenario_Driver_Component.Search_an_item">
    <failure type="org.testng.TestNGException" message="
Method screenshot1 requires 2 parameters but 0 were supplied in the @Configuration annotation.">
      <![CDATA[org.testng.TestNGException: 
Method screenshot1 requires 2 parameters but 0 were supplied in the @Configuration annotation.
	at org.testng.internal.Parameters.checkParameterTypes(Parameters.java:198)
	at org.testng.internal.Parameters.createParameters(Parameters.java:134)
	at org.testng.internal.Parameters.createParameters(Parameters.java:370)
	at org.testng.internal.Parameters.createConfigurationParameters(Parameters.java:86)
	at org.testng.internal.Invoker.invokeConfigurations(Invoker.java:199)
	at org.testng.internal.Invoker.invokeConfigurations(Invoker.java:138)
	at org.testng.SuiteRunner.privateRun(SuiteRunner.java:277)
	at org.testng.SuiteRunner.run(SuiteRunner.java:240)
	at org.testng.SuiteRunnerWorker.runSuite(SuiteRunnerWorker.java:52)
	at org.testng.SuiteRunnerWorker.run(SuiteRunnerWorker.java:86)
	at org.testng.TestNG.runSuitesSequentially(TestNG.java:1198)
	at org.testng.TestNG.runSuitesLocally(TestNG.java:1123)
	at org.testng.TestNG.run(TestNG.java:1031)
	at org.testng.remote.AbstractRemoteTestNG.run(AbstractRemoteTestNG.java:132)
	at org.testng.remote.RemoteTestNG.initAndRun(RemoteTestNG.java:230)
	at org.testng.remote.RemoteTestNG.main(RemoteTestNG.java:76)
]]>
    </failure>
  </testcase> <!-- @BeforeSuite screenshot1 -->
  <testcase name="@BeforeClass launchBrowser" time="0.0" classname="Scenario_Driver_Component.Search_an_item">
    <skipped/>
  </testcase> <!-- @BeforeClass launchBrowser -->
  <testcase name="@AfterClass CloseBrowser" time="0.0" classname="Scenario_Driver_Component.Search_an_item">
    <skipped/>
  </testcase> <!-- @AfterClass CloseBrowser -->
  <testcase name="Invalid_Search_Item" time="0.05" classname="Scenario_Driver_Component.Search_an_item">
    <skipped/>
  </testcase> <!-- Invalid_Search_Item -->
  <testcase name="Valid_Search_Item" time="0.0" classname="Scenario_Driver_Component.Search_an_item">
    <skipped/>
  </testcase> <!-- Valid_Search_Item -->
</testsuite> <!-- Default test -->
