<?xml version="1.0" encoding="UTF-8"?>
<!-- Generated by org.testng.reporters.JUnitXMLReporter -->
<testsuite hostname="sony-VAIO" name="TestGC" tests="2" failures="0" timestamp="14 Sep 2017 11:19:36 GMT" time="0.1" errors="0">
  <testcase name="@BeforeSuite screenshot1" time="0.0" classname="Scenario_Driver_Component.Search_an_item">
    <failure type="org.testng.TestNGException" message="
Method screenshot1 requires 2 parameters but 0 were supplied in the @Configuration annotation.">
      <![CDATA[org.testng.TestNGException: 
Method screenshot1 requires 2 parameters but 0 were supplied in the @Configuration annotation.
... Removed 16 stack frames]]>
    </failure>
  </testcase> <!-- @BeforeSuite screenshot1 -->
  <testcase name="@BeforeClass launchBrowser" time="0.0" classname="Scenario_Driver_Component.Search_an_item">
    <skipped/>
  </testcase> <!-- @BeforeClass launchBrowser -->
  <testcase name="@AfterClass CloseBrowser" time="0.0" classname="Scenario_Driver_Component.Search_an_item">
    <skipped/>
  </testcase> <!-- @AfterClass CloseBrowser -->
  <testcase name="Invalid_Search_Item" time="0.05" classname="Scenario_Driver_Component.Search_an_item">
    <skipped/>
  </testcase> <!-- Invalid_Search_Item -->
  <testcase name="Valid_Search_Item" time="0.0" classname="Scenario_Driver_Component.Search_an_item">
    <skipped/>
  </testcase> <!-- Valid_Search_Item -->
</testsuite> <!-- TestGC -->
